<?xml version="1.0" encoding="UTF-8"?>
<!-- Generated by org.testng.reporters.JUnitReportReporter -->
<testsuite skipped="0" hostname="Nikhil3145218" name="com.qa.zoho.tests.HomePageTest" tests="3" failures="0" timestamp="29 Jul 2021 14:54:22 GMT" time="0.188" errors="0">
  <testcase name="verifyLoggedInUserTest" time="0.090" classname="com.qa.zoho.tests.HomePageTest"/>
  <testcase name="verifyHomePageTitleTest" time="0.020" classname="com.qa.zoho.tests.HomePageTest"/>
  <testcase name="verifyHomePageHeaderTest" time="0.078" classname="com.qa.zoho.tests.HomePageTest"/>
</testsuite> <!-- com.qa.zoho.tests.HomePageTest -->
