<?xml version="1.0" encoding="UTF-8"?>
<!-- Generated by org.testng.reporters.JUnitReportReporter -->
<testsuite skipped="0" hostname="Nikhil3145218" name="com.qa.zoho.tests.LoginPageTest" tests="5" failures="0" timestamp="30 Jul 2021 21:09:14 GMT" time="5.593" errors="0">
  <testcase name="verifysignUpLinkTest" time="3.585" classname="com.qa.zoho.tests.LoginPageTest"/>
  <testcase name="verifyForgotPasswordTest" time="0.067" classname="com.qa.zoho.tests.LoginPageTest"/>
  <testcase name="verifyLoginPageTitleTest" time="0.106" classname="com.qa.zoho.tests.LoginPageTest"/>
  <testcase name="verifyClassicCRMTest" time="0.100" classname="com.qa.zoho.tests.LoginPageTest"/>
  <testcase name="loginTest" time="1.735" classname="com.qa.zoho.tests.LoginPageTest"/>
</testsuite> <!-- com.qa.zoho.tests.LoginPageTest -->
