<?xml version="1.0" encoding="UTF-8"?>
<!-- Generated by org.testng.reporters.JUnitReportReporter -->
<testsuite skipped="0" hostname="Nikhil3145218" name="com.qa.zoho.tests.LoginPageTest" tests="5" failures="0" timestamp="31 Jul 2021 21:59:02 GMT" time="5.645" errors="0">
  <testcase name="verifyForgotPasswordTest" time="0.105" classname="com.qa.zoho.tests.LoginPageTest"/>
  <testcase name="loginTest" time="2.668" classname="com.qa.zoho.tests.LoginPageTest"/>
  <testcase name="verifyClassicCRMTest" time="0.140" classname="com.qa.zoho.tests.LoginPageTest"/>
  <testcase name="verifysignUpLinkTest" time="2.597" classname="com.qa.zoho.tests.LoginPageTest"/>
  <testcase name="verifyLoginPageTitleTest" time="0.135" classname="com.qa.zoho.tests.LoginPageTest"/>
</testsuite> <!-- com.qa.zoho.tests.LoginPageTest -->
